c:\users\jw961\downloads\3d개인포폴ver0.0.3\tool\default\debug\tool.pch
c:\users\jw961\downloads\3d개인포폴ver0.0.3\tool\default\debug\vc140.pdb
c:\users\jw961\downloads\3d개인포폴ver0.0.3\tool\default\debug\vc140.idb
c:\users\jw961\downloads\3d개인포폴ver0.0.3\tool\default\debug\pch.obj
c:\users\jw961\downloads\3d개인포폴ver0.0.3\tool\default\debug\colobject.obj
c:\users\jw961\downloads\3d개인포폴ver0.0.3\tool\default\debug\dynamiccamera.obj
c:\users\jw961\downloads\3d개인포폴ver0.0.3\tool\default\debug\meshobject.obj
c:\users\jw961\downloads\3d개인포폴ver0.0.3\tool\default\debug\tempobject.obj
c:\users\jw961\downloads\3d개인포폴ver0.0.3\tool\default\debug\terrain.obj
c:\users\jw961\downloads\3d개인포폴ver0.0.3\tool\default\debug\classview.obj
c:\users\jw961\downloads\3d개인포폴ver0.0.3\tool\default\debug\componuntdialog.obj
c:\users\jw961\downloads\3d개인포폴ver0.0.3\tool\default\debug\fileview.obj
c:\users\jw961\downloads\3d개인포폴ver0.0.3\tool\default\debug\mainfrm.obj
c:\users\jw961\downloads\3d개인포폴ver0.0.3\tool\default\debug\objectdialog.obj
c:\users\jw961\downloads\3d개인포폴ver0.0.3\tool\default\debug\outputwnd.obj
c:\users\jw961\downloads\3d개인포폴ver0.0.3\tool\default\debug\propertieswnd.obj
c:\users\jw961\downloads\3d개인포폴ver0.0.3\tool\default\debug\texturetool.obj
c:\users\jw961\downloads\3d개인포폴ver0.0.3\tool\default\debug\tool.obj
c:\users\jw961\downloads\3d개인포폴ver0.0.3\tool\default\debug\tooldoc.obj
c:\users\jw961\downloads\3d개인포폴ver0.0.3\tool\default\debug\viewtree.obj
c:\users\jw961\downloads\3d개인포폴ver0.0.3\tool\default\debug\teststage.obj
c:\users\jw961\downloads\3d개인포폴ver0.0.3\tool\default\debug\toolview.obj
c:\users\jw961\downloads\3d개인포폴ver0.0.2\tool\bin\tool.ilk
c:\users\jw961\downloads\3d개인포폴ver0.0.2\tool\bin\tool.exe
c:\users\jw961\downloads\3d개인포폴ver0.0.2\tool\bin\tool.pdb
c:\users\jw961\downloads\3d개인포폴ver0.0.3\tool\bin\tool.ilk
c:\users\jw961\downloads\3d개인포폴ver0.0.3\tool\bin\tool.exe
c:\users\jw961\downloads\3d개인포폴ver0.0.3\tool\bin\tool.pdb
c:\users\jw961\downloads\3d개인포폴ver0.0.3\tool\default\debug\tool.res
c:\users\jw961\downloads\3d개인포폴ver0.0.2\tool\bin\tool.lib
c:\users\jw961\downloads\3d개인포폴ver0.0.2\tool\bin\tool.exp
c:\users\jw961\downloads\3d개인포폴ver0.0.3\tool\bin\tool.lib
c:\users\jw961\downloads\3d개인포폴ver0.0.3\tool\bin\tool.exp
c:\users\jw961\downloads\3d개인포폴ver0.0.3\tool\default\../bin\tool.exe
c:\users\jw961\downloads\3d개인포폴ver0.0.3\tool\default\debug\tool.tlog\cl.command.1.tlog
c:\users\jw961\downloads\3d개인포폴ver0.0.3\tool\default\debug\tool.tlog\cl.read.1.tlog
c:\users\jw961\downloads\3d개인포폴ver0.0.3\tool\default\debug\tool.tlog\cl.write.1.tlog
c:\users\jw961\downloads\3d개인포폴ver0.0.3\tool\default\debug\tool.tlog\link.command.1.tlog
c:\users\jw961\downloads\3d개인포폴ver0.0.3\tool\default\debug\tool.tlog\link.read.1.tlog
c:\users\jw961\downloads\3d개인포폴ver0.0.3\tool\default\debug\tool.tlog\link.write.1.tlog
c:\users\jw961\downloads\3d개인포폴ver0.0.3\tool\default\debug\tool.tlog\rc.command.1.tlog
c:\users\jw961\downloads\3d개인포폴ver0.0.3\tool\default\debug\tool.tlog\rc.read.1.tlog
c:\users\jw961\downloads\3d개인포폴ver0.0.3\tool\default\debug\tool.tlog\rc.write.1.tlog
c:\users\jw961\downloads\3d개인포폴ver0.0.3\tool\default\debug\tool.tlog\tool.write.1u.tlog
