c:\users\jw961\downloads\3d개인포폴ver0.0.3\engine\resources\default\debug\vc140.pdb
c:\users\jw961\downloads\3d개인포폴ver0.0.3\engine\resources\default\debug\vc140.idb
c:\users\jw961\downloads\3d개인포폴ver0.0.3\engine\resources\default\debug\cell.obj
c:\users\jw961\downloads\3d개인포폴ver0.0.3\engine\resources\default\debug\cubetex.obj
c:\users\jw961\downloads\3d개인포폴ver0.0.3\engine\resources\default\debug\dynamicmesh.obj
c:\users\jw961\downloads\3d개인포폴ver0.0.3\engine\resources\default\debug\hierarchyloader.obj
c:\users\jw961\downloads\3d개인포폴ver0.0.3\engine\resources\default\debug\lighttex.obj
c:\users\jw961\downloads\3d개인포폴ver0.0.3\engine\resources\default\debug\line.obj
c:\users\jw961\downloads\3d개인포폴ver0.0.3\engine\resources\default\debug\mesh.obj
c:\users\jw961\downloads\3d개인포폴ver0.0.3\engine\resources\default\debug\navimesh.obj
c:\users\jw961\downloads\3d개인포폴ver0.0.3\engine\resources\default\debug\rccol.obj
c:\users\jw961\downloads\3d개인포폴ver0.0.3\engine\resources\default\debug\rctex.obj
c:\users\jw961\downloads\3d개인포폴ver0.0.3\engine\resources\default\debug\resources.obj
c:\users\jw961\downloads\3d개인포폴ver0.0.3\engine\resources\default\debug\resourcesmgr.obj
c:\users\jw961\downloads\3d개인포폴ver0.0.3\engine\resources\default\debug\scrolltex.obj
c:\users\jw961\downloads\3d개인포폴ver0.0.3\engine\resources\default\debug\staticmesh.obj
c:\users\jw961\downloads\3d개인포폴ver0.0.3\engine\resources\default\debug\terraincol.obj
c:\users\jw961\downloads\3d개인포폴ver0.0.3\engine\resources\default\debug\terraintex.obj
c:\users\jw961\downloads\3d개인포폴ver0.0.3\engine\resources\default\debug\texture.obj
c:\users\jw961\downloads\3d개인포폴ver0.0.3\engine\resources\default\debug\tooltex.obj
c:\users\jw961\downloads\3d개인포폴ver0.0.3\engine\resources\default\debug\tricol.obj
c:\users\jw961\downloads\3d개인포폴ver0.0.3\engine\resources\default\debug\vibuffer.obj
c:\users\jw961\downloads\3d개인포폴ver0.0.3\engine\resources\default\debug\anictrl.obj
c:\users\jw961\downloads\3d개인포폴ver0.0.3\engine\resources\bin\resources.ilk
c:\users\jw961\downloads\3d개인포폴ver0.0.3\engine\resources\bin\resources.dll
c:\users\jw961\downloads\3d개인포폴ver0.0.3\engine\resources\bin\resources.pdb
c:\users\jw961\downloads\3d개인포폴ver0.0.3\engine\resources\bin\resources.lib
c:\users\jw961\downloads\3d개인포폴ver0.0.3\engine\resources\bin\resources.exp
c:\users\jw961\downloads\3d개인포폴ver0.0.3\engine\resources\default\debug\resources.tlog\cl.command.1.tlog
c:\users\jw961\downloads\3d개인포폴ver0.0.3\engine\resources\default\debug\resources.tlog\cl.read.1.tlog
c:\users\jw961\downloads\3d개인포폴ver0.0.3\engine\resources\default\debug\resources.tlog\cl.write.1.tlog
c:\users\jw961\downloads\3d개인포폴ver0.0.3\engine\resources\default\debug\resources.tlog\link.command.1.tlog
c:\users\jw961\downloads\3d개인포폴ver0.0.3\engine\resources\default\debug\resources.tlog\link.read.1.tlog
c:\users\jw961\downloads\3d개인포폴ver0.0.3\engine\resources\default\debug\resources.tlog\link.write.1.tlog
c:\users\jw961\downloads\3d개인포폴ver0.0.3\engine\resources\default\debug\resources.tlog\resources.write.1u.tlog
