c:\users\jw961\downloads\3d개인포폴ver0.0.12\client\default\x64\debug\client.pch
c:\users\jw961\downloads\3d개인포폴ver0.0.12\client\default\x64\debug\vc140.pdb
c:\users\jw961\downloads\3d개인포폴ver0.0.12\client\default\x64\debug\vc140.idb
c:\users\jw961\downloads\3d개인포폴ver0.0.12\client\default\x64\debug\stdafx.obj
c:\users\jw961\downloads\3d개인포폴ver0.0.12\client\default\x64\debug\janitor.obj
c:\users\jw961\downloads\3d개인포폴ver0.0.12\client\default\x64\debug\janitor_arm.obj
c:\users\jw961\downloads\3d개인포폴ver0.0.12\client\default\x64\debug\leech.obj
c:\users\jw961\downloads\3d개인포폴ver0.0.12\client\default\x64\debug\lighter.obj
c:\users\jw961\downloads\3d개인포폴ver0.0.12\client\default\x64\debug\loading.obj
c:\users\jw961\downloads\3d개인포폴ver0.0.12\client\default\x64\debug\loadingbar.obj
c:\users\jw961\downloads\3d개인포폴ver0.0.12\client\default\x64\debug\loadingscene.obj
c:\users\jw961\downloads\3d개인포폴ver0.0.12\client\default\x64\debug\logo.obj
c:\users\jw961\downloads\3d개인포폴ver0.0.12\client\default\x64\debug\mainapp.obj
c:\users\jw961\downloads\3d개인포폴ver0.0.12\client\default\x64\debug\meshobject.obj
c:\users\jw961\downloads\3d개인포폴ver0.0.12\client\default\x64\debug\monster.obj
c:\users\jw961\downloads\3d개인포폴ver0.0.12\client\default\x64\debug\physicmgr.obj
c:\users\jw961\downloads\3d개인포폴ver0.0.12\client\default\x64\debug\player.obj
c:\users\jw961\downloads\3d개인포폴ver0.0.12\client\default\x64\debug\tempobject.obj
c:\users\jw961\downloads\3d개인포폴ver0.0.12\client\default\x64\debug\skybox.obj
c:\users\jw961\downloads\3d개인포폴ver0.0.12\client\default\x64\debug\stage.obj
c:\users\jw961\downloads\3d개인포폴ver0.0.12\client\default\x64\debug\staticcamera.obj
c:\users\jw961\downloads\3d개인포폴ver0.0.12\client\default\x64\debug\terrain.obj
c:\users\jw961\downloads\3d개인포폴ver0.0.12\client\default\x64\debug\title.obj
c:\users\jw961\downloads\3d개인포폴ver0.0.12\client\default\x64\debug\client.obj
c:\users\jw961\downloads\3d개인포폴ver0.0.12\client\default\x64\debug\background.obj
c:\users\jw961\downloads\3d개인포폴ver0.0.12\client\default\x64\debug\collisionmgr.obj
c:\users\jw961\downloads\3d개인포폴ver0.0.12\client\default\x64\debug\colobject.obj
c:\users\jw961\downloads\3d개인포폴ver0.0.12\client\default\x64\debug\dynamiccamera.obj
c:\users\jw961\downloads\3d개인포폴ver0.0.12\client\default\x64\debug\firstpersoncamera.obj
c:\users\jw961\downloads\3d개인포폴ver0.0.12\client\default\x64\debug\interactionobject.obj
c:\users\jw961\downloads\3d개인포폴ver0.0.12\client\default\x64\debug\item.obj
c:\users\jw961\downloads\3d개인포폴ver0.0.12\client\default\x64\debug\effect.obj
c:\users\jw961\downloads\3d개인포폴ver0.0.12\client\bin\client.lib
c:\users\jw961\downloads\3d개인포폴ver0.0.12\client\bin\client.exp
c:\users\jw961\downloads\3d개인포폴ver0.0.12\client\bin\client.ilk
c:\users\jw961\downloads\3d개인포폴ver0.0.12\client\bin\client.exe
c:\users\jw961\downloads\3d개인포폴ver0.0.12\client\bin\client.pdb
c:\users\jw961\downloads\3d개인포폴ver0.0.12\client\default\x64\debug\client.res
c:\users\jw961\downloads\3d개인포폴ver0.0.12\client\default\x64\debug\player.obj.enc
c:\users\jw961\downloads\3d개인포폴ver0.0.12\client\default\../bin\client.exe
c:\users\jw961\downloads\3d개인포폴ver0.0.12\client\default\x64\debug\client.tlog\cl.command.1.tlog
c:\users\jw961\downloads\3d개인포폴ver0.0.12\client\default\x64\debug\client.tlog\cl.read.1.tlog
c:\users\jw961\downloads\3d개인포폴ver0.0.12\client\default\x64\debug\client.tlog\cl.write.1.tlog
c:\users\jw961\downloads\3d개인포폴ver0.0.12\client\default\x64\debug\client.tlog\client.write.1u.tlog
c:\users\jw961\downloads\3d개인포폴ver0.0.12\client\default\x64\debug\client.tlog\link.command.1.tlog
c:\users\jw961\downloads\3d개인포폴ver0.0.12\client\default\x64\debug\client.tlog\link.read.1.tlog
c:\users\jw961\downloads\3d개인포폴ver0.0.12\client\default\x64\debug\client.tlog\link.write.1.tlog
c:\users\jw961\downloads\3d개인포폴ver0.0.12\client\default\x64\debug\client.tlog\rc.command.1.tlog
c:\users\jw961\downloads\3d개인포폴ver0.0.12\client\default\x64\debug\client.tlog\rc.read.1.tlog
c:\users\jw961\downloads\3d개인포폴ver0.0.12\client\default\x64\debug\client.tlog\rc.write.1.tlog
