  Janitor.cpp
f:\3d개인포폴ver0.0.12 (4)\client\code\janitor.cpp(277): warning C4002: 'NULL_CHECK' 매크로의 실제 매개 변수가 너무 많습니다.
f:\3d개인포폴ver0.0.12 (4)\client\code\janitor.cpp(533): warning C4002: 'NULL_CHECK' 매크로의 실제 매개 변수가 너무 많습니다.
f:\3d개인포폴ver0.0.12 (4)\client\code\janitor.cpp(674): warning C4002: 'NULL_CHECK' 매크로의 실제 매개 변수가 너무 많습니다.
f:\3d개인포폴ver0.0.12 (4)\client\code\janitor.cpp(681): warning C4244: '인수': 'float'에서 'const Engine::_ulong'(으)로 변환하면서 데이터가 손실될 수 있습니다.
f:\3d개인포폴ver0.0.12 (4)\client\code\janitor.cpp(682): warning C4002: 'NULL_CHECK' 매크로의 실제 매개 변수가 너무 많습니다.
  코드를 생성하고 있습니다...
f:\3d개인포폴ver0.0.12 (4)\client\code\janitor.cpp(190): warning C4172: 지역 변수 또는 임시의 주소를 반환하고 있습니다.
f:\3d개인포폴ver0.0.12 (4)\client\code\janitor.cpp(183): warning C4172: 지역 변수 또는 임시의 주소를 반환하고 있습니다.
f:\3d개인포폴ver0.0.12 (4)\client\code\janitor.cpp(214): warning C4172: 지역 변수 또는 임시의 주소를 반환하고 있습니다.
f:\3d개인포폴ver0.0.12 (4)\client\code\janitor.cpp(227): warning C4172: 지역 변수 또는 임시의 주소를 반환하고 있습니다.
f:\3d개인포폴ver0.0.12 (4)\client\code\janitor.cpp(320): warning C4715: 'CJanitor::Get_BloodEffectPos': 모든 제어 경로에서 값을 반환하지는 않습니다.
  건너뛰고 있습니다... (관련된 변경 내용 없음)
  Stage.cpp
  Player.cpp
  InteractionObject.cpp
  Effect.cpp
  CollisionMgr.cpp
     ../Bin\Client.lib 라이브러리 및 ../Bin\Client.exp 개체를 생성하고 있습니다.
  Client.vcxproj -> F:\3D개인포폴ver0.0.12 (4)\Client\Default\../Bin\Client.exe
  Client.vcxproj -> ../Bin\Client.pdb (Full PDB)
