c:\users\jw961\downloads\3d개인포폴ver0.0.12\engine\utility\default\x64\debug\vc140.pdb
c:\users\jw961\downloads\3d개인포폴ver0.0.12\engine\utility\default\x64\debug\vc140.idb
c:\users\jw961\downloads\3d개인포폴ver0.0.12\engine\utility\default\x64\debug\camera.obj
c:\users\jw961\downloads\3d개인포폴ver0.0.12\engine\utility\default\x64\debug\collider.obj
c:\users\jw961\downloads\3d개인포폴ver0.0.12\engine\utility\default\x64\debug\component.obj
c:\users\jw961\downloads\3d개인포폴ver0.0.12\engine\utility\default\x64\debug\convert.obj
c:\users\jw961\downloads\3d개인포폴ver0.0.12\engine\utility\default\x64\debug\frustum.obj
c:\users\jw961\downloads\3d개인포폴ver0.0.12\engine\utility\default\x64\debug\gameobject.obj
c:\users\jw961\downloads\3d개인포폴ver0.0.12\engine\utility\default\x64\debug\layer.obj
c:\users\jw961\downloads\3d개인포폴ver0.0.12\engine\utility\default\x64\debug\light.obj
c:\users\jw961\downloads\3d개인포폴ver0.0.12\engine\utility\default\x64\debug\lightmgr.obj
c:\users\jw961\downloads\3d개인포폴ver0.0.12\engine\utility\default\x64\debug\management.obj
c:\users\jw961\downloads\3d개인포폴ver0.0.12\engine\utility\default\x64\debug\optimization.obj
c:\users\jw961\downloads\3d개인포폴ver0.0.12\engine\utility\default\x64\debug\pipeline.obj
c:\users\jw961\downloads\3d개인포폴ver0.0.12\engine\utility\default\x64\debug\prototypemgr.obj
c:\users\jw961\downloads\3d개인포폴ver0.0.12\engine\utility\default\x64\debug\quadtree.obj
c:\users\jw961\downloads\3d개인포폴ver0.0.12\engine\utility\default\x64\debug\renderer.obj
c:\users\jw961\downloads\3d개인포폴ver0.0.12\engine\utility\default\x64\debug\rendertarget.obj
c:\users\jw961\downloads\3d개인포폴ver0.0.12\engine\utility\default\x64\debug\rendertargetmgr.obj
c:\users\jw961\downloads\3d개인포폴ver0.0.12\engine\utility\default\x64\debug\scene.obj
c:\users\jw961\downloads\3d개인포폴ver0.0.12\engine\utility\default\x64\debug\shader.obj
c:\users\jw961\downloads\3d개인포폴ver0.0.12\engine\utility\default\x64\debug\transform.obj
c:\users\jw961\downloads\3d개인포폴ver0.0.12\engine\utility\default\x64\debug\calculator.obj
c:\users\jw961\downloads\3d개인포폴ver0.0.12\engine\utility\bin\utility.ilk
c:\users\jw961\downloads\3d개인포폴ver0.0.12\engine\utility\bin\utility.dll
c:\users\jw961\downloads\3d개인포폴ver0.0.12\engine\utility\bin\utility.pdb
c:\users\jw961\downloads\3d개인포폴ver0.0.12\engine\utility\bin\utility.lib
c:\users\jw961\downloads\3d개인포폴ver0.0.12\engine\utility\bin\utility.exp
c:\users\jw961\downloads\3d개인포폴ver0.0.12\engine\utility\default\../bin\utility.dll
c:\users\jw961\downloads\3d개인포폴ver0.0.12\engine\utility\default\x64\debug\utility.tlog\cl.command.1.tlog
c:\users\jw961\downloads\3d개인포폴ver0.0.12\engine\utility\default\x64\debug\utility.tlog\cl.read.1.tlog
c:\users\jw961\downloads\3d개인포폴ver0.0.12\engine\utility\default\x64\debug\utility.tlog\cl.write.1.tlog
c:\users\jw961\downloads\3d개인포폴ver0.0.12\engine\utility\default\x64\debug\utility.tlog\link.command.1.tlog
c:\users\jw961\downloads\3d개인포폴ver0.0.12\engine\utility\default\x64\debug\utility.tlog\link.read.1.tlog
c:\users\jw961\downloads\3d개인포폴ver0.0.12\engine\utility\default\x64\debug\utility.tlog\link.write.1.tlog
c:\users\jw961\downloads\3d개인포폴ver0.0.12\engine\utility\default\x64\debug\utility.tlog\utility.write.1u.tlog
