c:\users\jw961\downloads\3d개인포폴ver0.0.12\engine\resources\default\x64\debug\vc140.pdb
c:\users\jw961\downloads\3d개인포폴ver0.0.12\engine\resources\default\x64\debug\vc140.idb
c:\users\jw961\downloads\3d개인포폴ver0.0.12\engine\resources\default\x64\debug\cell.obj
c:\users\jw961\downloads\3d개인포폴ver0.0.12\engine\resources\default\x64\debug\cubetex.obj
c:\users\jw961\downloads\3d개인포폴ver0.0.12\engine\resources\default\x64\debug\dynamicmesh.obj
c:\users\jw961\downloads\3d개인포폴ver0.0.12\engine\resources\default\x64\debug\hierarchyloader.obj
c:\users\jw961\downloads\3d개인포폴ver0.0.12\engine\resources\default\x64\debug\lighttex.obj
c:\users\jw961\downloads\3d개인포폴ver0.0.12\engine\resources\default\x64\debug\line.obj
c:\users\jw961\downloads\3d개인포폴ver0.0.12\engine\resources\default\x64\debug\mesh.obj
c:\users\jw961\downloads\3d개인포폴ver0.0.12\engine\resources\default\x64\debug\navimesh.obj
c:\users\jw961\downloads\3d개인포폴ver0.0.12\engine\resources\default\x64\debug\rccol.obj
c:\users\jw961\downloads\3d개인포폴ver0.0.12\engine\resources\default\x64\debug\rctex.obj
c:\users\jw961\downloads\3d개인포폴ver0.0.12\engine\resources\default\x64\debug\resources.obj
c:\users\jw961\downloads\3d개인포폴ver0.0.12\engine\resources\default\x64\debug\resourcesmgr.obj
c:\users\jw961\downloads\3d개인포폴ver0.0.12\engine\resources\default\x64\debug\scrolltex.obj
c:\users\jw961\downloads\3d개인포폴ver0.0.12\engine\resources\default\x64\debug\staticmesh.obj
c:\users\jw961\downloads\3d개인포폴ver0.0.12\engine\resources\default\x64\debug\terraincol.obj
c:\users\jw961\downloads\3d개인포폴ver0.0.12\engine\resources\default\x64\debug\terraintex.obj
c:\users\jw961\downloads\3d개인포폴ver0.0.12\engine\resources\default\x64\debug\texture.obj
c:\users\jw961\downloads\3d개인포폴ver0.0.12\engine\resources\default\x64\debug\tooltex.obj
c:\users\jw961\downloads\3d개인포폴ver0.0.12\engine\resources\default\x64\debug\tricol.obj
c:\users\jw961\downloads\3d개인포폴ver0.0.12\engine\resources\default\x64\debug\vibuffer.obj
c:\users\jw961\downloads\3d개인포폴ver0.0.12\engine\resources\default\x64\debug\anictrl.obj
c:\users\jw961\downloads\3d개인포폴ver0.0.12\engine\resources\bin\resources.ilk
c:\users\jw961\downloads\3d개인포폴ver0.0.12\engine\resources\bin\resources.dll
c:\users\jw961\downloads\3d개인포폴ver0.0.12\engine\resources\bin\resources.pdb
c:\users\jw961\downloads\3d개인포폴ver0.0.12\engine\resources\bin\resources.lib
c:\users\jw961\downloads\3d개인포폴ver0.0.12\engine\resources\bin\resources.exp
c:\users\jw961\downloads\3d개인포폴ver0.0.12\engine\resources\default\../bin\resources.dll
c:\users\jw961\downloads\3d개인포폴ver0.0.12\engine\resources\default\x64\debug\resources.tlog\cl.command.1.tlog
c:\users\jw961\downloads\3d개인포폴ver0.0.12\engine\resources\default\x64\debug\resources.tlog\cl.read.1.tlog
c:\users\jw961\downloads\3d개인포폴ver0.0.12\engine\resources\default\x64\debug\resources.tlog\cl.write.1.tlog
c:\users\jw961\downloads\3d개인포폴ver0.0.12\engine\resources\default\x64\debug\resources.tlog\link.command.1.tlog
c:\users\jw961\downloads\3d개인포폴ver0.0.12\engine\resources\default\x64\debug\resources.tlog\link.read.1.tlog
c:\users\jw961\downloads\3d개인포폴ver0.0.12\engine\resources\default\x64\debug\resources.tlog\link.write.1.tlog
c:\users\jw961\downloads\3d개인포폴ver0.0.12\engine\resources\default\x64\debug\resources.tlog\resources.write.1u.tlog
