c:\users\jw961\downloads\3d개인포폴ver0.0.3\client\default\debug\client.pch
c:\users\jw961\downloads\3d개인포폴ver0.0.3\client\default\debug\vc140.pdb
c:\users\jw961\downloads\3d개인포폴ver0.0.3\client\default\debug\vc140.idb
c:\users\jw961\downloads\3d개인포폴ver0.0.3\client\default\debug\stdafx.obj
c:\users\jw961\downloads\3d개인포폴ver0.0.3\client\default\debug\colobject.obj
c:\users\jw961\downloads\3d개인포폴ver0.0.3\client\default\debug\dynamiccamera.obj
c:\users\jw961\downloads\3d개인포폴ver0.0.3\client\default\debug\firstpersoncamera.obj
c:\users\jw961\downloads\3d개인포폴ver0.0.3\client\default\debug\hud.obj
c:\users\jw961\downloads\3d개인포폴ver0.0.3\client\default\debug\item.obj
c:\users\jw961\downloads\3d개인포폴ver0.0.3\client\default\debug\loading.obj
c:\users\jw961\downloads\3d개인포폴ver0.0.3\client\default\debug\loadingbar.obj
c:\users\jw961\downloads\3d개인포폴ver0.0.3\client\default\debug\loadingscene.obj
c:\users\jw961\downloads\3d개인포폴ver0.0.3\client\default\debug\logo.obj
c:\users\jw961\downloads\3d개인포폴ver0.0.3\client\default\debug\mainapp.obj
c:\users\jw961\downloads\3d개인포폴ver0.0.3\client\default\debug\meshobject.obj
c:\users\jw961\downloads\3d개인포폴ver0.0.3\client\default\debug\monster.obj
c:\users\jw961\downloads\3d개인포폴ver0.0.3\client\default\debug\player.obj
c:\users\jw961\downloads\3d개인포폴ver0.0.3\client\default\debug\tempobject.obj
c:\users\jw961\downloads\3d개인포폴ver0.0.3\client\default\debug\skybox.obj
c:\users\jw961\downloads\3d개인포폴ver0.0.3\client\default\debug\stage.obj
c:\users\jw961\downloads\3d개인포폴ver0.0.3\client\default\debug\staticcamera.obj
c:\users\jw961\downloads\3d개인포폴ver0.0.3\client\default\debug\terrain.obj
c:\users\jw961\downloads\3d개인포폴ver0.0.3\client\default\debug\title.obj
c:\users\jw961\downloads\3d개인포폴ver0.0.3\client\default\debug\client.obj
c:\users\jw961\downloads\3d개인포폴ver0.0.3\client\default\debug\background.obj
c:\users\jw961\downloads\3d개인포폴ver0.0.3\client\default\debug\collisionmgr.obj
c:\users\jw961\downloads\3d개인포폴ver0.0.3\client\bin\client.lib
c:\users\jw961\downloads\3d개인포폴ver0.0.3\client\bin\client.exp
c:\users\jw961\downloads\3d개인포폴ver0.0.3\client\bin\client.ilk
c:\users\jw961\downloads\3d개인포폴ver0.0.3\client\bin\client.exe
c:\users\jw961\downloads\3d개인포폴ver0.0.3\client\bin\client.pdb
c:\users\jw961\downloads\3d개인포폴ver0.0.3\client\default\debug\client.res
c:\users\jw961\downloads\3d개인포폴ver0.0.3\client\default\../bin\client.exe
c:\users\jw961\downloads\3d개인포폴ver0.0.3\client\default\debug\client.tlog\cl.command.1.tlog
c:\users\jw961\downloads\3d개인포폴ver0.0.3\client\default\debug\client.tlog\cl.read.1.tlog
c:\users\jw961\downloads\3d개인포폴ver0.0.3\client\default\debug\client.tlog\cl.write.1.tlog
c:\users\jw961\downloads\3d개인포폴ver0.0.3\client\default\debug\client.tlog\client.write.1u.tlog
c:\users\jw961\downloads\3d개인포폴ver0.0.3\client\default\debug\client.tlog\link.command.1.tlog
c:\users\jw961\downloads\3d개인포폴ver0.0.3\client\default\debug\client.tlog\link.read.1.tlog
c:\users\jw961\downloads\3d개인포폴ver0.0.3\client\default\debug\client.tlog\link.write.1.tlog
c:\users\jw961\downloads\3d개인포폴ver0.0.3\client\default\debug\client.tlog\rc.command.1.tlog
c:\users\jw961\downloads\3d개인포폴ver0.0.3\client\default\debug\client.tlog\rc.read.1.tlog
c:\users\jw961\downloads\3d개인포폴ver0.0.3\client\default\debug\client.tlog\rc.write.1.tlog
