c:\users\jw961\downloads\3d개인포폴ver0.0.12\engine\system\default\x64\debug\vc140.pdb
c:\users\jw961\downloads\3d개인포폴ver0.0.12\engine\system\default\x64\debug\vc140.idb
c:\users\jw961\downloads\3d개인포폴ver0.0.12\engine\system\default\x64\debug\debugmesh.obj
c:\users\jw961\downloads\3d개인포폴ver0.0.12\engine\system\default\x64\debug\font.obj
c:\users\jw961\downloads\3d개인포폴ver0.0.12\engine\system\default\x64\debug\fontmgr.obj
c:\users\jw961\downloads\3d개인포폴ver0.0.12\engine\system\default\x64\debug\frame.obj
c:\users\jw961\downloads\3d개인포폴ver0.0.12\engine\system\default\x64\debug\framemgr.obj
c:\users\jw961\downloads\3d개인포폴ver0.0.12\engine\system\default\x64\debug\graphicdev.obj
c:\users\jw961\downloads\3d개인포폴ver0.0.12\engine\system\default\x64\debug\inputdev.obj
c:\users\jw961\downloads\3d개인포폴ver0.0.12\engine\system\default\x64\debug\keymgr.obj
c:\users\jw961\downloads\3d개인포폴ver0.0.12\engine\system\default\x64\debug\soundmgr.obj
c:\users\jw961\downloads\3d개인포폴ver0.0.12\engine\system\default\x64\debug\timer.obj
c:\users\jw961\downloads\3d개인포폴ver0.0.12\engine\system\default\x64\debug\timermgr.obj
c:\users\jw961\downloads\3d개인포폴ver0.0.12\engine\system\bin\system.ilk
c:\users\jw961\downloads\3d개인포폴ver0.0.12\engine\system\bin\system.dll
c:\users\jw961\downloads\3d개인포폴ver0.0.12\engine\system\bin\system.pdb
c:\users\jw961\downloads\3d개인포폴ver0.0.12\engine\system\bin\system.lib
c:\users\jw961\downloads\3d개인포폴ver0.0.12\engine\system\bin\system.exp
c:\users\jw961\downloads\3d개인포폴ver0.0.12\engine\system\default\../bin\system.dll
c:\users\jw961\downloads\3d개인포폴ver0.0.12\engine\system\default\x64\debug\system.tlog\cl.command.1.tlog
c:\users\jw961\downloads\3d개인포폴ver0.0.12\engine\system\default\x64\debug\system.tlog\cl.read.1.tlog
c:\users\jw961\downloads\3d개인포폴ver0.0.12\engine\system\default\x64\debug\system.tlog\cl.write.1.tlog
c:\users\jw961\downloads\3d개인포폴ver0.0.12\engine\system\default\x64\debug\system.tlog\link.command.1.tlog
c:\users\jw961\downloads\3d개인포폴ver0.0.12\engine\system\default\x64\debug\system.tlog\link.read.1.tlog
c:\users\jw961\downloads\3d개인포폴ver0.0.12\engine\system\default\x64\debug\system.tlog\link.write.1.tlog
c:\users\jw961\downloads\3d개인포폴ver0.0.12\engine\system\default\x64\debug\system.tlog\system.write.1u.tlog
