c:\users\jw961\downloads\3d개인포폴ver0.0.12\tool\default\x64\debug\tool.pch
c:\users\jw961\downloads\3d개인포폴ver0.0.12\tool\default\x64\debug\vc141.pdb
c:\users\jw961\downloads\3d개인포폴ver0.0.12\tool\default\x64\debug\vc141.idb
c:\users\jw961\downloads\3d개인포폴ver0.0.12\tool\default\x64\debug\pch.obj
c:\users\jw961\downloads\3d개인포폴ver0.0.12\tool\default\x64\debug\viewtree.obj
c:\users\jw961\downloads\3d개인포폴ver0.0.12\tool\default\x64\debug\toolview.obj
c:\users\jw961\downloads\3d개인포폴ver0.0.12\tool\default\x64\debug\tooldoc.obj
c:\users\jw961\downloads\3d개인포폴ver0.0.12\tool\default\x64\debug\tool.obj
c:\users\jw961\downloads\3d개인포폴ver0.0.12\tool\default\x64\debug\texturetool.obj
c:\users\jw961\downloads\3d개인포폴ver0.0.12\tool\default\x64\debug\propertieswnd.obj
c:\users\jw961\downloads\3d개인포폴ver0.0.12\tool\default\x64\debug\outputwnd.obj
c:\users\jw961\downloads\3d개인포폴ver0.0.12\tool\default\x64\debug\objectdialog.obj
c:\users\jw961\downloads\3d개인포폴ver0.0.12\tool\default\x64\debug\mainfrm.obj
c:\users\jw961\downloads\3d개인포폴ver0.0.12\tool\default\x64\debug\fileview.obj
c:\users\jw961\downloads\3d개인포폴ver0.0.12\tool\default\x64\debug\componuntdialog.obj
c:\users\jw961\downloads\3d개인포폴ver0.0.12\tool\default\x64\debug\classview.obj
c:\users\jw961\downloads\3d개인포폴ver0.0.12\tool\default\x64\debug\teststage.obj
c:\users\jw961\downloads\3d개인포폴ver0.0.12\tool\default\x64\debug\terrain.obj
c:\users\jw961\downloads\3d개인포폴ver0.0.12\tool\default\x64\debug\tempobject.obj
c:\users\jw961\downloads\3d개인포폴ver0.0.12\tool\default\x64\debug\naviobject.obj
c:\users\jw961\downloads\3d개인포폴ver0.0.12\tool\default\x64\debug\meshobject.obj
c:\users\jw961\downloads\3d개인포폴ver0.0.12\tool\default\x64\debug\dynamiccamera.obj
c:\users\jw961\downloads\3d개인포폴ver0.0.12\tool\default\x64\debug\colobject.obj
c:\users\jw961\downloads\3d개인포폴ver0.0.12\tool\bin\tool.exe
c:\users\jw961\downloads\3d개인포폴ver0.0.12\tool\bin\tool.ilk
c:\users\jw961\downloads\3d개인포폴ver0.0.12\tool\bin\tool.pdb
c:\users\jw961\downloads\3d개인포폴ver0.0.12\tool\default\x64\debug\tool.res
c:\users\jw961\downloads\3d개인포폴ver0.0.12\tool\bin\tool.lib
c:\users\jw961\downloads\3d개인포폴ver0.0.12\tool\bin\tool.exp
c:\users\jw961\downloads\3d개인포폴ver0.0.12\tool\default\../bin\tool.exe
c:\users\jw961\downloads\3d개인포폴ver0.0.12\tool\default\x64\debug\tool.tlog\cl.command.1.tlog
c:\users\jw961\downloads\3d개인포폴ver0.0.12\tool\default\x64\debug\tool.tlog\cl.read.1.tlog
c:\users\jw961\downloads\3d개인포폴ver0.0.12\tool\default\x64\debug\tool.tlog\cl.write.1.tlog
c:\users\jw961\downloads\3d개인포폴ver0.0.12\tool\default\x64\debug\tool.tlog\link.command.1.tlog
c:\users\jw961\downloads\3d개인포폴ver0.0.12\tool\default\x64\debug\tool.tlog\link.delete.1.tlog
c:\users\jw961\downloads\3d개인포폴ver0.0.12\tool\default\x64\debug\tool.tlog\link.read.1.tlog
c:\users\jw961\downloads\3d개인포폴ver0.0.12\tool\default\x64\debug\tool.tlog\link.write.1.tlog
c:\users\jw961\downloads\3d개인포폴ver0.0.12\tool\default\x64\debug\tool.tlog\rc.command.1.tlog
c:\users\jw961\downloads\3d개인포폴ver0.0.12\tool\default\x64\debug\tool.tlog\rc.read.1.tlog
c:\users\jw961\downloads\3d개인포폴ver0.0.12\tool\default\x64\debug\tool.tlog\rc.write.1.tlog
c:\users\jw961\downloads\3d개인포폴ver0.0.12\tool\default\x64\debug\tool.tlog\tool.write.1u.tlog
