  TimerMgr.cpp
c:\users\jw961\downloads\3d개인포폴ver0.0.4\engine\header\engine_macro.h(15): warning C4005: 'ENGINE_EXPORTS': 매크로 재정의
  c:\users\jw961\downloads\3d개인포폴ver0.0.4\engine\header\engine_macro.h(15): note: 명령줄 인수: 'ENGINE_EXPORTS'의 이전 정의를 참조하십시오.
  Timer.cpp
c:\users\jw961\downloads\3d개인포폴ver0.0.4\engine\header\engine_macro.h(15): warning C4005: 'ENGINE_EXPORTS': 매크로 재정의
  c:\users\jw961\downloads\3d개인포폴ver0.0.4\engine\header\engine_macro.h(15): note: 명령줄 인수: 'ENGINE_EXPORTS'의 이전 정의를 참조하십시오.
  KeyMgr.cpp
c:\users\jw961\downloads\3d개인포폴ver0.0.4\engine\header\engine_macro.h(15): warning C4005: 'ENGINE_EXPORTS': 매크로 재정의
  c:\users\jw961\downloads\3d개인포폴ver0.0.4\engine\header\engine_macro.h(15): note: 명령줄 인수: 'ENGINE_EXPORTS'의 이전 정의를 참조하십시오.
  InputDev.cpp
c:\users\jw961\downloads\3d개인포폴ver0.0.4\engine\header\engine_macro.h(15): warning C4005: 'ENGINE_EXPORTS': 매크로 재정의
  c:\users\jw961\downloads\3d개인포폴ver0.0.4\engine\header\engine_macro.h(15): note: 명령줄 인수: 'ENGINE_EXPORTS'의 이전 정의를 참조하십시오.
c:\users\jw961\downloads\3d개인포폴ver0.0.4\engine\system\code\inputdev.cpp(36): warning C4244: 'return': 'LONG'에서 'Engine::_byte'(으)로 변환하면서 데이터가 손실될 수 있습니다.
  GraphicDev.cpp
c:\users\jw961\downloads\3d개인포폴ver0.0.4\engine\header\engine_macro.h(15): warning C4005: 'ENGINE_EXPORTS': 매크로 재정의
  c:\users\jw961\downloads\3d개인포폴ver0.0.4\engine\header\engine_macro.h(15): note: 명령줄 인수: 'ENGINE_EXPORTS'의 이전 정의를 참조하십시오.
  FrameMgr.cpp
c:\users\jw961\downloads\3d개인포폴ver0.0.4\engine\header\engine_macro.h(15): warning C4005: 'ENGINE_EXPORTS': 매크로 재정의
  c:\users\jw961\downloads\3d개인포폴ver0.0.4\engine\header\engine_macro.h(15): note: 명령줄 인수: 'ENGINE_EXPORTS'의 이전 정의를 참조하십시오.
  Frame.cpp
c:\users\jw961\downloads\3d개인포폴ver0.0.4\engine\header\engine_macro.h(15): warning C4005: 'ENGINE_EXPORTS': 매크로 재정의
  c:\users\jw961\downloads\3d개인포폴ver0.0.4\engine\header\engine_macro.h(15): note: 명령줄 인수: 'ENGINE_EXPORTS'의 이전 정의를 참조하십시오.
  FontMgr.cpp
c:\users\jw961\downloads\3d개인포폴ver0.0.4\engine\header\engine_macro.h(15): warning C4005: 'ENGINE_EXPORTS': 매크로 재정의
  c:\users\jw961\downloads\3d개인포폴ver0.0.4\engine\header\engine_macro.h(15): note: 명령줄 인수: 'ENGINE_EXPORTS'의 이전 정의를 참조하십시오.
  Font.cpp
c:\users\jw961\downloads\3d개인포폴ver0.0.4\engine\header\engine_macro.h(15): warning C4005: 'ENGINE_EXPORTS': 매크로 재정의
  c:\users\jw961\downloads\3d개인포폴ver0.0.4\engine\header\engine_macro.h(15): note: 명령줄 인수: 'ENGINE_EXPORTS'의 이전 정의를 참조하십시오.
  DebugMesh.cpp
c:\users\jw961\downloads\3d개인포폴ver0.0.4\engine\header\engine_macro.h(15): warning C4005: 'ENGINE_EXPORTS': 매크로 재정의
  c:\users\jw961\downloads\3d개인포폴ver0.0.4\engine\header\engine_macro.h(15): note: 명령줄 인수: 'ENGINE_EXPORTS'의 이전 정의를 참조하십시오.
  코드를 생성하고 있습니다...
LINK : fatal error LNK1104: 'System.lib' 파일을 열 수 없습니다.
